<?xml version="1.0" encoding="UTF-8"?>
<!-- Generated by org.testng.reporters.JUnitXMLReporter -->
<testsuite hostname="GDX-IT-02" ignored="0" name="Test" tests="2" failures="0" timestamp="12 Feb 2020 12:12:25 GMT" time="0.054" errors="0">
  <testcase name="@BeforeClass setup" time="0.022" classname="com.learnautomation.pages.BaseClass">
    <failure type="java.lang.NullPointerException">
      <![CDATA[java.lang.NullPointerException
at com.learnautomation.utility.BrowserFactory.startApplicatioin(BrowserFactory.java:14)
at com.learnautomation.pages.BaseClass.setup(BaseClass.java:44)
... Removed 26 stack frames]]>
    </failure>
  </testcase> <!-- @BeforeClass setup -->
  <testcase name="@AfterMethod tearDownMethod" time="0.0" classname="com.learnautomation.pages.BaseClass">
    <skipped/>
  </testcase> <!-- @AfterMethod tearDownMethod -->
  <testcase name="@AfterMethod tearDownMethod" time="0.0" classname="com.learnautomation.pages.BaseClass">
    <skipped/>
  </testcase> <!-- @AfterMethod tearDownMethod -->
  <testcase name="@AfterClass tearDown" time="0.0" classname="com.learnautomation.pages.BaseClass">
    <skipped/>
  </testcase> <!-- @AfterClass tearDown -->
  <testcase name="loginApp" time="0.0" classname="com.learnautomation.testcases.LoginTestCRM">
    <skipped/>
  </testcase> <!-- loginApp -->
  <testcase name="loginApp1" time="0.0" classname="com.learnautomation.testcases.LoginTestCRM">
    <skipped/>
  </testcase> <!-- loginApp1 -->
</testsuite> <!-- Test -->
